<?xml version="1.0" encoding="UTF-8"?>
<testng-results ignored="0" total="3" passed="3" failed="0" skipped="0">
  <reporter-output>
  </reporter-output>
  <suite started-at="2019-06-25T20:09:21Z" name="Default suite" finished-at="2019-06-25T20:09:30Z" duration-ms="8843">
    <groups>
    </groups>
    <test started-at="2019-06-25T20:09:21Z" name="Default test" finished-at="2019-06-25T20:09:30Z" duration-ms="8843">
      <class name="alertPopupFrameWindow.Alert">
        <test-method is-config="true" signature="brouserLaunch()[pri:0, instance:alertPopupFrameWindow.Alert@6a78afa0]" started-at="2019-06-25T20:08:49Z" name="brouserLaunch" finished-at="2019-06-25T20:09:21Z" duration-ms="32185" status="PASS">
          <reporter-output>
          </reporter-output>
        </test-method> <!-- brouserLaunch -->
        <test-method signature="A()[pri:0, instance:alertPopupFrameWindow.Alert@6a78afa0]" started-at="2019-06-25T20:09:21Z" name="A" finished-at="2019-06-25T20:09:27Z" duration-ms="5728" status="PASS">
          <reporter-output>
          </reporter-output>
        </test-method> <!-- A -->
        <test-method signature="B()[pri:0, instance:alertPopupFrameWindow.Alert@6a78afa0]" started-at="2019-06-25T20:09:27Z" name="B" finished-at="2019-06-25T20:09:27Z" duration-ms="165" status="PASS">
          <reporter-output>
          </reporter-output>
        </test-method> <!-- B -->
        <test-method signature="Calender()[pri:0, instance:alertPopupFrameWindow.Alert@6a78afa0]" started-at="2019-06-25T20:09:27Z" name="Calender" finished-at="2019-06-25T20:09:30Z" duration-ms="2811" status="PASS">
          <reporter-output>
          </reporter-output>
        </test-method> <!-- Calender -->
      </class> <!-- alertPopupFrameWindow.Alert -->
    </test> <!-- Default test -->
  </suite> <!-- Default suite -->
</testng-results>
