<?xml version="1.0" encoding="UTF-8"?>
<!-- Generated by org.testng.reporters.JUnitXMLReporter -->
<testsuite ignored="0" hostname="DESKTOP-NDCGJVT" failures="0" tests="3" name="Default test" time="8.843" errors="0" timestamp="25 Jun 2019 20:09:39 GMT">
  <testcase classname="alertPopupFrameWindow.Alert" name="A" time="5.728"/>
  <testcase classname="alertPopupFrameWindow.Alert" name="B" time="0.165"/>
  <testcase classname="alertPopupFrameWindow.Alert" name="Calender" time="2.811"/>
</testsuite> <!-- Default test -->
