<?xml version="1.0" encoding="UTF-8"?>
<testng-results ignored="0" total="2" passed="2" failed="0" skipped="0">
  <reporter-output>
  </reporter-output>
  <suite started-at="2019-07-05T17:19:31Z" name="Default suite" finished-at="2019-07-05T17:20:50Z" duration-ms="79535">
    <groups>
    </groups>
    <test started-at="2019-07-05T17:19:31Z" name="Default test" finished-at="2019-07-05T17:20:50Z" duration-ms="79535">
      <class name="screenshootDemo.ScreenShotDemo1">
        <test-method signature="ASiteLaunch()[pri:0, instance:screenshootDemo.ScreenShotDemo1@16423501]" started-at="2019-07-05T17:19:31Z" name="ASiteLaunch" finished-at="2019-07-05T17:20:49Z" duration-ms="77919" status="PASS">
          <reporter-output>
          </reporter-output>
        </test-method> <!-- ASiteLaunch -->
        <test-method signature="Screenshoot()[pri:0, instance:screenshootDemo.ScreenShotDemo1@16423501]" started-at="2019-07-05T17:20:49Z" name="Screenshoot" finished-at="2019-07-05T17:20:50Z" duration-ms="1330" status="PASS">
          <reporter-output>
          </reporter-output>
        </test-method> <!-- Screenshoot -->
      </class> <!-- screenshootDemo.ScreenShotDemo1 -->
    </test> <!-- Default test -->
  </suite> <!-- Default suite -->
</testng-results>
